Using pre-set license
Built from '2020.3/staging' branch; Version is '2020.3.11f1 (99c7afb366b3) revision 10078127'; Using compiler version '192528614'; Build Type 'Release'
OS: 'Windows 10 Home; OS build 19043.1237; Version 2009; 64bit' Language: 'en' Physical Memory: 16315 MB
BatchMode: 1, IsHumanControllingUs: 0, StartBugReporterOnCrash: 0, Is64bit: 1, IsPro: 0

 COMMAND LINE ARGUMENTS:
C:\Program Files\Unity\Hub\Editor\2020.3.11f1\Editor\Unity.exe
-adb2
-batchMode
-noUpm
-name
AssetImportWorker0
-projectPath
C:/Users/zmccu/Desktop/I304/INFO-I-304/Projects/CreativeProject
-logFile
Logs/AssetImportWorker0.log
-srvPort
53015
Successfully changed project path to: C:/Users/zmccu/Desktop/I304/INFO-I-304/Projects/CreativeProject
C:/Users/zmccu/Desktop/I304/INFO-I-304/Projects/CreativeProject
Using Asset Import Pipeline V2.
Refreshing native plugins compatible for Editor in 56.73 ms, found 2 plugins.
Preloading 0 native plugins for Editor in 0.00 ms.
Initialize engine version: 2020.3.11f1 (99c7afb366b3)
[Subsystems] Discovering subsystems at path C:/Program Files/Unity/Hub/Editor/2020.3.11f1/Editor/Data/Resources/UnitySubsystems
[Subsystems] Discovering subsystems at path C:/Users/zmccu/Desktop/I304/INFO-I-304/Projects/CreativeProject/Assets
GfxDevice: creating device client; threaded=0
Direct3D:
    Version:  Direct3D 11.0 [level 11.1]
    Renderer: NVIDIA GeForce GTX 1660 (ID=0x2184)
    Vendor:   
    VRAM:     5991 MB
    Driver:   27.21.14.6109
Initialize mono
Mono path[0] = 'C:/Program Files/Unity/Hub/Editor/2020.3.11f1/Editor/Data/Managed'
Mono path[1] = 'C:/Program Files/Unity/Hub/Editor/2020.3.11f1/Editor/Data/MonoBleedingEdge/lib/mono/unityjit'
Mono config path = 'C:/Program Files/Unity/Hub/Editor/2020.3.11f1/Editor/Data/MonoBleedingEdge/etc'
Using monoOptions --debugger-agent=transport=dt_socket,embedding=1,server=y,suspend=n,address=127.0.0.1:56308
Begin MonoManager ReloadAssembly
Registering precompiled unity dll's ...
Register platform support module: C:/Program Files/Unity/Hub/Editor/2020.3.11f1/Editor/Data/PlaybackEngines/WindowsStandaloneSupport/UnityEditor.WindowsStandalone.Extensions.dll
Registered in 0.001380 seconds.
Native extension for WindowsStandalone target not found
Refreshing native plugins compatible for Editor in 55.04 ms, found 2 plugins.
Preloading 0 native plugins for Editor in 0.00 ms.
Mono: successfully reloaded assembly
- Completed reload, in  4.096 seconds
Platform modules already initialized, skipping
Registering precompiled user dll's ...
Registered in 0.005687 seconds.
Begin MonoManager ReloadAssembly
Native extension for WindowsStandalone target not found
Refreshing native plugins compatible for Editor in 61.46 ms, found 2 plugins.
Preloading 0 native plugins for Editor in 0.00 ms.
Mono: successfully reloaded assembly
- Completed reload, in  1.114 seconds
Platform modules already initialized, skipping
========================================================================
Worker process is ready to serve import requests
Launched and connected shader compiler UnityShaderCompiler.exe after 0.04 seconds
Refreshing native plugins compatible for Editor in 1.73 ms, found 2 plugins.
Preloading 0 native plugins for Editor in 0.00 ms.
Unloading 3670 Unused Serialized files (Serialized files now loaded: 0)
System memory in use before: 187.7 MB.
System memory in use after: 187.9 MB.

Unloading 24 unused Assets to reduce memory usage. Loaded Objects now: 4139.
Total: 5.347600 ms (FindLiveObjects: 1.218100 ms CreateObjectMapping: 0.547100 ms MarkObjects: 3.447500 ms  DeleteObjects: 0.132300 ms)

AssetImportParameters requested are different than current active one (requested -> active):
  colorSpace: 1 -> 0
========================================================================
Received Import Request.
  path: Assets/HDRPDefaultResources/Foliage Diffusion Profile.asset
  artifactKey: Guid(f0f0901f703a4a446b9af51a8940b139) Importer(815301076,1909f56bfc062723c751e8b465ee728b)
Start importing Assets/HDRPDefaultResources/Foliage Diffusion Profile.asset using Guid(f0f0901f703a4a446b9af51a8940b139) Importer(815301076,1909f56bfc062723c751e8b465ee728b)  -> (artifact id: '6d27fdfee399325b2c8ef3b6a7551306') in 0.041998 seconds
  Import took 0.052008 seconds .

========================================================================
Received Import Request.
  Time since last request: 0.000266 seconds.
  path: Assets/HDRPDefaultResources/DefaultLookDevProfile.asset
  artifactKey: Guid(9738deb804a342347a9d01d757926f4c) Importer(815301076,1909f56bfc062723c751e8b465ee728b)
Start importing Assets/HDRPDefaultResources/DefaultLookDevProfile.asset using Guid(9738deb804a342347a9d01d757926f4c) Importer(815301076,1909f56bfc062723c751e8b465ee728b)  -> (artifact id: '3e49157a7ad0af5bc16b2f054dfccb96') in 0.009437 seconds
  Import took 0.016583 seconds .

========================================================================
Received Import Request.
  Time since last request: 0.000273 seconds.
  path: Assets/HDRPDefaultResources/Skin Diffusion Profile.asset
  artifactKey: Guid(9a15f0bb2ac75de459aa0d087441593a) Importer(815301076,1909f56bfc062723c751e8b465ee728b)
Start importing Assets/HDRPDefaultResources/Skin Diffusion Profile.asset using Guid(9a15f0bb2ac75de459aa0d087441593a) Importer(815301076,1909f56bfc062723c751e8b465ee728b)  -> (artifact id: '701d95447aa9c6d313ded6d2ca652b6d') in 0.007648 seconds
  Import took 0.016400 seconds .

========================================================================
Received Import Request.
  Time since last request: 0.000195 seconds.
  path: Assets/HDRPDefaultResources
  artifactKey: Guid(3bbc8f858dc1a56479b24787015adc9b) Importer(815301076,1909f56bfc062723c751e8b465ee728b)
Start importing Assets/HDRPDefaultResources using Guid(3bbc8f858dc1a56479b24787015adc9b) Importer(815301076,1909f56bfc062723c751e8b465ee728b)  -> (artifact id: '858492a376f59f15de0b7b7984d4be21') in 0.008375 seconds
  Import took 0.015385 seconds .

========================================================================
Received Import Request.
  Time since last request: 0.000318 seconds.
  path: Assets/HDRPDefaultResources/DefaultSettingsVolumeProfile.asset
  artifactKey: Guid(5db1ce06326a9bc48b380cc78e2e04ea) Importer(815301076,1909f56bfc062723c751e8b465ee728b)
Start importing Assets/HDRPDefaultResources/DefaultSettingsVolumeProfile.asset using Guid(5db1ce06326a9bc48b380cc78e2e04ea) Importer(815301076,1909f56bfc062723c751e8b465ee728b)  -> (artifact id: 'fe3dc48e6d1dff53409d88dda89d9a3d') in 0.008532 seconds
  Import took 0.015751 seconds .

========================================================================
Received Import Request.
  Time since last request: 0.000250 seconds.
  path: Assets/HDRPDefaultResources/HDRenderPipelineAsset.asset
  artifactKey: Guid(f703bd520c16d754b84b350e241e99b4) Importer(815301076,1909f56bfc062723c751e8b465ee728b)
Start importing Assets/HDRPDefaultResources/HDRenderPipelineAsset.asset using Guid(f703bd520c16d754b84b350e241e99b4) Importer(815301076,1909f56bfc062723c751e8b465ee728b)  -> (artifact id: 'b68190ed885cc972cab1d983130c43ec') in 0.012705 seconds
  Import took 0.021848 seconds .

========================================================================
Received Import Request.
  Time since last request: 34.684693 seconds.
  path: Assets/Materials/New Material.mat
  artifactKey: Guid(2506066d2d5153649aa9ec1d24c37928) Importer(815301076,1909f56bfc062723c751e8b465ee728b)
Start importing Assets/Materials/New Material.mat using Guid(2506066d2d5153649aa9ec1d24c37928) Importer(815301076,1909f56bfc062723c751e8b465ee728b) High Definition Render Pipeline doesn't support Gamma mode, change to Linear mode (HDRP isn't set up properly. Go to Windows > RenderPipeline > HDRP Wizard to fix your settings).
UnityEngine.StackTraceUtility:ExtractStackTrace ()
UnityEngine.DebugLogHandler:LogFormat (UnityEngine.LogType,UnityEngine.Object,string,object[])
UnityEngine.Logger:Log (UnityEngine.LogType,object)
UnityEngine.Debug:LogError (object)
UnityEngine.Rendering.HighDefinition.HDRenderPipeline:SetRenderingFeatures () (at Library/PackageCache/com.unity.render-pipelines.high-definition@10.5.1/Runtime/RenderPipeline/HDRenderPipeline.cs:934)
UnityEngine.Rendering.HighDefinition.HDRenderPipeline:.ctor (UnityEngine.Rendering.HighDefinition.HDRenderPipelineAsset,UnityEngine.Rendering.HighDefinition.HDRenderPipelineAsset) (at Library/PackageCache/com.unity.render-pipelines.high-definition@10.5.1/Runtime/RenderPipeline/HDRenderPipeline.cs:385)
UnityEngine.Rendering.HighDefinition.HDRenderPipelineAsset:CreatePipeline () (at Library/PackageCache/com.unity.render-pipelines.high-definition@10.5.1/Runtime/RenderPipeline/HDRenderPipelineAsset.cs:44)
UnityEngine.Rendering.RenderPipelineAsset:InternalCreatePipeline ()
UnityEngine.Rendering.RenderPipelineManager:PrepareRenderPipeline (UnityEngine.Rendering.RenderPipelineAsset)
UnityEngine.Rendering.RenderPipelineManager:DoRenderLoop_Internal (UnityEngine.Rendering.RenderPipelineAsset,intptr,System.Collections.Generic.List`1<UnityEngine.Camera/RenderRequest>,Unity.Collections.LowLevel.Unsafe.AtomicSafetyHandle)
UnityEditor.PreviewRenderUtility:Render (bool,bool)
UnityEditor.MaterialEditor:DoRenderPreview (UnityEditor.PreviewRenderUtility,bool)
UnityEditor.MaterialEditor:RenderStaticPreview (string,UnityEngine.Object[],int,int)
UnityEditor.AssetPreviewUpdater:CreatePreviewForAsset (UnityEngine.Object,UnityEngine.Object[],string)

(Filename: Library/PackageCache/com.unity.render-pipelines.high-definition@10.5.1/Runtime/RenderPipeline/HDRenderPipeline.cs Line: 934)

Requested RenderTexture with sRGB format. sRGB formats are not supported in gamma mode, fallback to a UNorm format. Use a UNorm format instead of sRGB to silence this warning.
UnityEngine.StackTraceUtility:ExtractStackTrace ()
UnityEngine.Rendering.RTHandleSystem:AllocAutoSizedRenderTexture (int,int,int,UnityEngine.Rendering.DepthBits,UnityEngine.Experimental.Rendering.GraphicsFormat,UnityEngine.FilterMode,UnityEngine.TextureWrapMode,UnityEngine.Rendering.TextureDimension,bool,bool,bool,bool,int,single,bool,bool,bool,UnityEngine.RenderTextureMemoryless,string) (at Library/PackageCache/com.unity.render-pipelines.core@10.5.1/Runtime/Textures/RTHandleSystem.cs:805)
UnityEngine.Rendering.RTHandleSystem:Alloc (UnityEngine.Vector2,int,UnityEngine.Rendering.DepthBits,UnityEngine.Experimental.Rendering.GraphicsFormat,UnityEngine.FilterMode,UnityEngine.TextureWrapMode,UnityEngine.Rendering.TextureDimension,bool,bool,bool,bool,int,single,bool,bool,bool,UnityEngine.RenderTextureMemoryless,string) (at Library/PackageCache/com.unity.render-pipelines.core@10.5.1/Runtime/Textures/RTHandleSystem.cs:598)
UnityEngine.Rendering.RTHandles:Alloc (UnityEngine.Vector2,int,UnityEngine.Rendering.DepthBits,UnityEngine.Experimental.Rendering.GraphicsFormat,UnityEngine.FilterMode,UnityEngine.TextureWrapMode,UnityEngine.Rendering.TextureDimension,bool,bool,bool,bool,int,single,bool,bool,bool,UnityEngine.RenderTextureMemoryless,string) (at Library/PackageCache/com.unity.render-pipelines.core@10.5.1/Runtime/Textures/RTHandles.cs:136)
UnityEngine.Experimental.Rendering.RenderGraphModule.RenderGraphResourceRegistry:CreateAndClearTexture (UnityEngine.Experimental.Rendering.RenderGraphModule.RenderGraphContext,int) (at Library/PackageCache/com.unity.render-pipelines.core@10.5.1/Runtime/RenderGraph/RenderGraphResourceRegistry.cs:398)
UnityEngine.Experimental.Rendering.RenderGraphModule.RenderGraph:PreRenderPassExecute (UnityEngine.Experimental.Rendering.RenderGraphModule.RenderGraph/CompiledPassInfo&,UnityEngine.Experimental.Rendering.RenderGraphModule.RenderGraphContext) (at Library/PackageCache/com.unity.render-pipelines.core@10.5.1/Runtime/RenderGraph/RenderGraph.cs:1186)
UnityEngine.Experimental.Rendering.RenderGraphModule.RenderGraph:ExecuteCompiledPass (UnityEngine.Experimental.Rendering.RenderGraphModule.RenderGraph/CompiledPassInfo&,int) (at Library/PackageCache/com.unity.render-pipelines.core@10.5.1/Runtime/RenderGraph/RenderGraph.cs:1109)
UnityEngine.Experimental.Rendering.RenderGraphModule.RenderGraph:ExecuteRenderGraph () (at Library/PackageCache/com.unity.render-pipelines.core@10.5.1/Runtime/RenderGraph/RenderGraph.cs:1129)
UnityEngine.Experimental.Rendering.RenderGraphModule.RenderGraph:Execute () (at Library/PackageCache/com.unity.render-pipelines.core@10.5.1/Runtime/RenderGraph/RenderGraph.cs:547)
UnityEngine.Rendering.HighDefinition.HDRenderPipeline:ExecuteWithRenderGraph (UnityEngine.Rendering.HighDefinition.HDRenderPipeline/RenderRequest,UnityEngine.Rendering.HighDefinition.AOVRequestData,System.Collections.Generic.List`1<UnityEngine.Rendering.RTHandle>,System.Collections.Generic.List`1<UnityEngine.Rendering.RTHandle>,UnityEngine.Rendering.ScriptableRenderContext,UnityEngine.Rendering.CommandBuffer) (at Library/PackageCache/com.unity.render-pipelines.high-definition@10.5.1/Runtime/RenderPipeline/HDRenderPipeline.RenderGraph.cs:340)
UnityEngine.Rendering.HighDefinition.HDRenderPipeline:ExecuteRenderRequest (UnityEngine.Rendering.HighDefinition.HDRenderPipeline/RenderRequest,UnityEngine.Rendering.ScriptableRenderContext,UnityEngine.Rendering.CommandBuffer,UnityEngine.Rendering.HighDefinition.AOVRequestData) (at Library/PackageCache/com.unity.render-pipelines.high-definition@10.5.1/Runtime/RenderPipeline/HDRenderPipeline.cs:2518)
UnityEngine.Rendering.HighDefinition.HDRenderPipeline:Render (UnityEngine.Rendering.ScriptableRenderContext,UnityEngine.Camera[]) (at Library/PackageCache/com.unity.render-pipelines.high-definition@10.5.1/Runtime/RenderPipeline/HDRenderPipeline.cs:2274)
UnityEngine.Rendering.RenderPipeline:InternalRender (UnityEngine.Rendering.ScriptableRenderContext,UnityEngine.Camera[])
UnityEngine.Rendering.RenderPipelineManager:DoRenderLoop_Internal (UnityEngine.Rendering.RenderPipelineAsset,intptr,System.Collections.Generic.List`1<UnityEngine.Camera/RenderRequest>,Unity.Collections.LowLevel.Unsafe.AtomicSafetyHandle)
UnityEditor.PreviewRenderUtility:Render (bool,bool)
UnityEditor.MaterialEditor:DoRenderPreview (UnityEditor.PreviewRenderUtility,bool)
UnityEditor.MaterialEditor:RenderStaticPreview (string,UnityEngine.Object[],int,int)
UnityEditor.AssetPreviewUpdater:CreatePreviewForAsset (UnityEngine.Object,UnityEngine.Object[],string)

[Library/PackageCache/com.unity.render-pipelines.core@10.5.1/Runtime/Textures/RTHandleSystem.cs line 805]

Requested RenderTexture with sRGB format. sRGB formats are not supported in gamma mode, fallback to a UNorm format. Use a UNorm format instead of sRGB to silence this warning.
UnityEngine.StackTraceUtility:ExtractStackTrace ()
UnityEngine.Rendering.RTHandleSystem:AllocAutoSizedRenderTexture (int,int,int,UnityEngine.Rendering.DepthBits,UnityEngine.Experimental.Rendering.GraphicsFormat,UnityEngine.FilterMode,UnityEngine.TextureWrapMode,UnityEngine.Rendering.TextureDimension,bool,bool,bool,bool,int,single,bool,bool,bool,UnityEngine.RenderTextureMemoryless,string) (at Library/PackageCache/com.unity.render-pipelines.core@10.5.1/Runtime/Textures/RTHandleSystem.cs:805)
UnityEngine.Rendering.RTHandleSystem:Alloc (UnityEngine.Vector2,int,UnityEngine.Rendering.DepthBits,UnityEngine.Experimental.Rendering.GraphicsFormat,UnityEngine.FilterMode,UnityEngine.TextureWrapMode,UnityEngine.Rendering.TextureDimension,bool,bool,bool,bool,int,single,bool,bool,bool,UnityEngine.RenderTextureMemoryless,string) (at Library/PackageCache/com.unity.render-pipelines.core@10.5.1/Runtime/Textures/RTHandleSystem.cs:598)
UnityEngine.Rendering.RTHandles:Alloc (UnityEngine.Vector2,int,UnityEngine.Rendering.DepthBits,UnityEngine.Experimental.Rendering.GraphicsFormat,UnityEngine.FilterMode,UnityEngine.TextureWrapMode,UnityEngine.Rendering.TextureDimension,bool,bool,bool,bool,int,single,bool,bool,bool,UnityEngine.RenderTextureMemoryless,string) (at Library/PackageCache/com.unity.render-pipelines.core@10.5.1/Runtime/Textures/RTHandles.cs:136)
UnityEngine.Experimental.Rendering.RenderGraphModule.RenderGraphResourceRegistry:CreateAndClearTexture (UnityEngine.Experimental.Rendering.RenderGraphModule.RenderGraphContext,int) (at Library/PackageCache/com.unity.render-pipelines.core@10.5.1/Runtime/RenderGraph/RenderGraphResourceRegistry.cs:398)
UnityEngine.Experimental.Rendering.RenderGraphModule.RenderGraph:PreRenderPassExecute (UnityEngine.Experimental.Rendering.RenderGraphModule.RenderGraph/CompiledPassInfo&,UnityEngine.Experimental.Rendering.RenderGraphModule.RenderGraphContext) (at Library/PackageCache/com.unity.render-pipelines.core@10.5.1/Runtime/RenderGraph/RenderGraph.cs:1186)
UnityEngine.Experimental.Rendering.RenderGraphModule.RenderGraph:ExecuteCompiledPass (UnityEngine.Experimental.Rendering.RenderGraphModule.RenderGraph/CompiledPassInfo&,int) (at Library/PackageCache/com.unity.render-pipelines.core@10.5.1/Runtime/RenderGraph/RenderGraph.cs:1109)
UnityEngine.Experimental.Rendering.RenderGraphModule.RenderGraph:ExecuteRenderGraph () (at Library/PackageCache/com.unity.render-pipelines.core@10.5.1/Runtime/RenderGraph/RenderGraph.cs:1129)
UnityEngine.Experimental.Rendering.RenderGraphModule.RenderGraph:Execute () (at Library/PackageCache/com.unity.render-pipelines.core@10.5.1/Runtime/RenderGraph/RenderGraph.cs:547)
UnityEngine.Rendering.HighDefinition.HDRenderPipeline:ExecuteWithRenderGraph (UnityEngine.Rendering.HighDefinition.HDRenderPipeline/RenderRequest,UnityEngine.Rendering.HighDefinition.AOVRequestData,System.Collections.Generic.List`1<UnityEngine.Rendering.RTHandle>,System.Collections.Generic.List`1<UnityEngine.Rendering.RTHandle>,UnityEngine.Rendering.ScriptableRenderContext,UnityEngine.Rendering.CommandBuffer) (at Library/PackageCache/com.unity.render-pipelines.high-definition@10.5.1/Runtime/RenderPipeline/HDRenderPipeline.RenderGraph.cs:340)
UnityEngine.Rendering.HighDefinition.HDRenderPipeline:ExecuteRenderRequest (UnityEngine.Rendering.HighDefinition.HDRenderPipeline/RenderRequest,UnityEngine.Rendering.ScriptableRenderContext,UnityEngine.Rendering.CommandBuffer,UnityEngine.Rendering.HighDefinition.AOVRequestData) (at Library/PackageCache/com.unity.render-pipelines.high-definition@10.5.1/Runtime/RenderPipeline/HDRenderPipeline.cs:2518)
UnityEngine.Rendering.HighDefinition.HDRenderPipeline:Render (UnityEngine.Rendering.ScriptableRenderContext,UnityEngine.Camera[]) (at Library/PackageCache/com.unity.render-pipelines.high-definition@10.5.1/Runtime/RenderPipeline/HDRenderPipeline.cs:2274)
UnityEngine.Rendering.RenderPipeline:InternalRender (UnityEngine.Rendering.ScriptableRenderContext,UnityEngine.Camera[])
UnityEngine.Rendering.RenderPipelineManager:DoRenderLoop_Internal (UnityEngine.Rendering.RenderPipelineAsset,intptr,System.Collections.Generic.List`1<UnityEngine.Camera/RenderRequest>,Unity.Collections.LowLevel.Unsafe.AtomicSafetyHandle)
UnityEditor.PreviewRenderUtility:Render (bool,bool)
UnityEditor.MaterialEditor:DoRenderPreview (UnityEditor.PreviewRenderUtility,bool)
UnityEditor.MaterialEditor:RenderStaticPreview (string,UnityEngine.Object[],int,int)
UnityEditor.AssetPreviewUpdater:CreatePreviewForAsset (UnityEngine.Object,UnityEngine.Object[],string)

[Library/PackageCache/com.unity.render-pipelines.core@10.5.1/Runtime/Textures/RTHandleSystem.cs line 805]

Requested RenderTexture with sRGB format. sRGB formats are not supported in gamma mode, fallback to a UNorm format. Use a UNorm format instead of sRGB to silence this warning.
UnityEngine.StackTraceUtility:ExtractStackTrace ()
UnityEngine.Rendering.RTHandleSystem:AllocAutoSizedRenderTexture (int,int,int,UnityEngine.Rendering.DepthBits,UnityEngine.Experimental.Rendering.GraphicsFormat,UnityEngine.FilterMode,UnityEngine.TextureWrapMode,UnityEngine.Rendering.TextureDimension,bool,bool,bool,bool,int,single,bool,bool,bool,UnityEngine.RenderTextureMemoryless,string) (at Library/PackageCache/com.unity.render-pipelines.core@10.5.1/Runtime/Textures/RTHandleSystem.cs:805)
UnityEngine.Rendering.RTHandleSystem:Alloc (UnityEngine.Vector2,int,UnityEngine.Rendering.DepthBits,UnityEngine.Experimental.Rendering.GraphicsFormat,UnityEngine.FilterMode,UnityEngine.TextureWrapMode,UnityEngine.Rendering.TextureDimension,bool,bool,bool,bool,int,single,bool,bool,bool,UnityEngine.RenderTextureMemoryless,string) (at Library/PackageCache/com.unity.render-pipelines.core@10.5.1/Runtime/Textures/RTHandleSystem.cs:598)
UnityEngine.Rendering.RTHandles:Alloc (UnityEngine.Vector2,int,UnityEngine.Rendering.DepthBits,UnityEngine.Experimental.Rendering.GraphicsFormat,UnityEngine.FilterMode,UnityEngine.TextureWrapMode,UnityEngine.Rendering.TextureDimension,bool,bool,bool,bool,int,single,bool,bool,bool,UnityEngine.RenderTextureMemoryless,string) (at Library/PackageCache/com.unity.render-pipelines.core@10.5.1/Runtime/Textures/RTHandles.cs:136)
UnityEngine.Experimental.Rendering.RenderGraphModule.RenderGraphResourceRegistry:CreateAndClearTexture (UnityEngine.Experimental.Rendering.RenderGraphModule.RenderGraphContext,int) (at Library/PackageCache/com.unity.render-pipelines.core@10.5.1/Runtime/RenderGraph/RenderGraphResourceRegistry.cs:398)
UnityEngine.Experimental.Rendering.RenderGraphModule.RenderGraph:PreRenderPassExecute (UnityEngine.Experimental.Rendering.RenderGraphModule.RenderGraph/CompiledPassInfo&,UnityEngine.Experimental.Rendering.RenderGraphModule.RenderGraphContext) (at Library/PackageCache/com.unity.render-pipelines.core@10.5.1/Runtime/RenderGraph/RenderGraph.cs:1186)
UnityEngine.Experimental.Rendering.RenderGraphModule.RenderGraph:ExecuteCompiledPass (UnityEngine.Experimental.Rendering.RenderGraphModule.RenderGraph/CompiledPassInfo&,int) (at Library/PackageCache/com.unity.render-pipelines.core@10.5.1/Runtime/RenderGraph/RenderGraph.cs:1109)
UnityEngine.Experimental.Rendering.RenderGraphModule.RenderGraph:ExecuteRenderGraph () (at Library/PackageCache/com.unity.render-pipelines.core@10.5.1/Runtime/RenderGraph/RenderGraph.cs:1129)
UnityEngine.Experimental.Rendering.RenderGraphModule.RenderGraph:Execute () (at Library/PackageCache/com.unity.render-pipelines.core@10.5.1/Runtime/RenderGraph/RenderGraph.cs:547)
UnityEngine.Rendering.HighDefinition.HDRenderPipeline:ExecuteWithRenderGraph (UnityEngine.Rendering.HighDefinition.HDRenderPipeline/RenderRequest,UnityEngine.Rendering.HighDefinition.AOVRequestData,System.Collections.Generic.List`1<UnityEngine.Rendering.RTHandle>,System.Collections.Generic.List`1<UnityEngine.Rendering.RTHandle>,UnityEngine.Rendering.ScriptableRenderContext,UnityEngine.Rendering.CommandBuffer) (at Library/PackageCache/com.unity.render-pipelines.high-definition@10.5.1/Runtime/RenderPipeline/HDRenderPipeline.RenderGraph.cs:340)
UnityEngine.Rendering.HighDefinition.HDRenderPipeline:ExecuteRenderRequest (UnityEngine.Rendering.HighDefinition.HDRenderPipeline/RenderRequest,UnityEngine.Rendering.ScriptableRenderContext,UnityEngine.Rendering.CommandBuffer,UnityEngine.Rendering.HighDefinition.AOVRequestData) (at Library/PackageCache/com.unity.render-pipelines.high-definition@10.5.1/Runtime/RenderPipeline/HDRenderPipeline.cs:2518)
UnityEngine.Rendering.HighDefinition.HDRenderPipeline:Render (UnityEngine.Rendering.ScriptableRenderContext,UnityEngine.Camera[]) (at Library/PackageCache/com.unity.render-pipelines.high-definition@10.5.1/Runtime/RenderPipeline/HDRenderPipeline.cs:2274)
UnityEngine.Rendering.RenderPipeline:InternalRender (UnityEngine.Rendering.ScriptableRenderContext,UnityEngine.Camera[])
UnityEngine.Rendering.RenderPipelineManager:DoRenderLoop_Internal (UnityEngine.Rendering.RenderPipelineAsset,intptr,System.Collections.Generic.List`1<UnityEngine.Camera/RenderRequest>,Unity.Collections.LowLevel.Unsafe.AtomicSafetyHandle)
UnityEditor.PreviewRenderUtility:Render (bool,bool)
UnityEditor.MaterialEditor:DoRenderPreview (UnityEditor.PreviewRenderUtility,bool)
UnityEditor.MaterialEditor:RenderStaticPreview (string,UnityEngine.Object[],int,int)
UnityEditor.AssetPreviewUpdater:CreatePreviewForAsset (UnityEngine.Object,UnityEngine.Object[],string)

[Library/PackageCache/com.unity.render-pipelines.core@10.5.1/Runtime/Textures/RTHandleSystem.cs line 805]

Requested RenderTexture with sRGB format. sRGB formats are not supported in gamma mode, fallback to a UNorm format. Use a UNorm format instead of sRGB to silence this warning.
UnityEngine.StackTraceUtility:ExtractStackTrace ()
UnityEngine.Rendering.RTHandleSystem:AllocAutoSizedRenderTexture (int,int,int,UnityEngine.Rendering.DepthBits,UnityEngine.Experimental.Rendering.GraphicsFormat,UnityEngine.FilterMode,UnityEngine.TextureWrapMode,UnityEngine.Rendering.TextureDimension,bool,bool,bool,bool,int,single,bool,bool,bool,UnityEngine.RenderTextureMemoryless,string) (at Library/PackageCache/com.unity.render-pipelines.core@10.5.1/Runtime/Textures/RTHandleSystem.cs:805)
UnityEngine.Rendering.RTHandleSystem:Alloc (UnityEngine.Vector2,int,UnityEngine.Rendering.DepthBits,UnityEngine.Experimental.Rendering.GraphicsFormat,UnityEngine.FilterMode,UnityEngine.TextureWrapMode,UnityEngine.Rendering.TextureDimension,bool,bool,bool,bool,int,single,bool,bool,bool,UnityEngine.RenderTextureMemoryless,string) (at Library/PackageCache/com.unity.render-pipelines.core@10.5.1/Runtime/Textures/RTHandleSystem.cs:598)
UnityEngine.Rendering.RTHandles:Alloc (UnityEngine.Vector2,int,UnityEngine.Rendering.DepthBits,UnityEngine.Experimental.Rendering.GraphicsFormat,UnityEngine.FilterMode,UnityEngine.TextureWrapMode,UnityEngine.Rendering.TextureDimension,bool,bool,bool,bool,int,single,bool,bool,bool,UnityEngine.RenderTextureMemoryless,string) (at Library/PackageCache/com.unity.render-pipelines.core@10.5.1/Runtime/Textures/RTHandles.cs:136)
UnityEngine.Experimental.Rendering.RenderGraphModule.RenderGraphResourceRegistry:CreateAndClearTexture (UnityEngine.Experimental.Rendering.RenderGraphModule.RenderGraphContext,int) (at Library/PackageCache/com.unity.render-pipelines.core@10.5.1/Runtime/RenderGraph/RenderGraphResourceRegistry.cs:398)
UnityEngine.Experimental.Rendering.RenderGraphModule.RenderGraph:PreRenderPassExecute (UnityEngine.Experimental.Rendering.RenderGraphModule.RenderGraph/CompiledPassInfo&,UnityEngine.Experimental.Rendering.RenderGraphModule.RenderGraphContext) (at Library/PackageCache/com.unity.render-pipelines.core@10.5.1/Runtime/RenderGraph/RenderGraph.cs:1186)
UnityEngine.Experimental.Rendering.RenderGraphModule.RenderGraph:ExecuteCompiledPass (UnityEngine.Experimental.Rendering.RenderGraphModule.RenderGraph/CompiledPassInfo&,int) (at Library/PackageCache/com.unity.render-pipelines.core@10.5.1/Runtime/RenderGraph/RenderGraph.cs:1109)
UnityEngine.Experimental.Rendering.RenderGraphModule.RenderGraph:ExecuteRenderGraph () (at Library/PackageCache/com.unity.render-pipelines.core@10.5.1/Runtime/RenderGraph/RenderGraph.cs:1129)
UnityEngine.Experimental.Rendering.RenderGraphModule.RenderGraph:Execute () (at Library/PackageCache/com.unity.render-pipelines.core@10.5.1/Runtime/RenderGraph/RenderGraph.cs:547)
UnityEngine.Rendering.HighDefinition.HDRenderPipeline:ExecuteWithRenderGraph (UnityEngine.Rendering.HighDefinition.HDRenderPipeline/RenderRequest,UnityEngine.Rendering.HighDefinition.AOVRequestData,System.Collections.Generic.List`1<UnityEngine.Rendering.RTHandle>,System.Collections.Generic.List`1<UnityEngine.Rendering.RTHandle>,UnityEngine.Rendering.ScriptableRenderContext,UnityEngine.Rendering.CommandBuffer) (at Library/PackageCache/com.unity.render-pipelines.high-definition@10.5.1/Runtime/RenderPipeline/HDRenderPipeline.RenderGraph.cs:340)
UnityEngine.Rendering.HighDefinition.HDRenderPipeline:ExecuteRenderRequest (UnityEngine.Rendering.HighDefinition.HDRenderPipeline/RenderRequest,UnityEngine.Rendering.ScriptableRenderContext,UnityEngine.Rendering.CommandBuffer,UnityEngine.Rendering.HighDefinition.AOVRequestData) (at Library/PackageCache/com.unity.render-pipelines.high-definition@10.5.1/Runtime/RenderPipeline/HDRenderPipeline.cs:2518)
UnityEngine.Rendering.HighDefinition.HDRenderPipeline:Render (UnityEngine.Rendering.ScriptableRenderContext,UnityEngine.Camera[]) (at Library/PackageCache/com.unity.render-pipelines.high-definition@10.5.1/Runtime/RenderPipeline/HDRenderPipeline.cs:2274)
UnityEngine.Rendering.RenderPipeline:InternalRender (UnityEngine.Rendering.ScriptableRenderContext,UnityEngine.Camera[])
UnityEngine.Rendering.RenderPipelineManager:DoRenderLoop_Internal (UnityEngine.Rendering.RenderPipelineAsset,intptr,System.Collections.Generic.List`1<UnityEngine.Camera/RenderRequest>,Unity.Collections.LowLevel.Unsafe.AtomicSafetyHandle)
UnityEditor.PreviewRenderUtility:Render (bool,bool)
UnityEditor.MaterialEditor:DoRenderPreview (UnityEditor.PreviewRenderUtility,bool)
UnityEditor.MaterialEditor:RenderStaticPreview (string,UnityEngine.Object[],int,int)
UnityEditor.AssetPreviewUpdater:CreatePreviewForAsset (UnityEngine.Object,UnityEngine.Object[],string)

[Library/PackageCache/com.unity.render-pipelines.core@10.5.1/Runtime/Textures/RTHandleSystem.cs line 805]

Requested RenderTexture with sRGB format. sRGB formats are not supported in gamma mode, fallback to a UNorm format. Use a UNorm format instead of sRGB to silence this warning.
UnityEngine.StackTraceUtility:ExtractStackTrace ()
UnityEngine.Rendering.RTHandleSystem:AllocAutoSizedRenderTexture (int,int,int,UnityEngine.Rendering.DepthBits,UnityEngine.Experimental.Rendering.GraphicsFormat,UnityEngine.FilterMode,UnityEngine.TextureWrapMode,UnityEngine.Rendering.TextureDimension,bool,bool,bool,bool,int,single,bool,bool,bool,UnityEngine.RenderTextureMemoryless,string) (at Library/PackageCache/com.unity.render-pipelines.core@10.5.1/Runtime/Textures/RTHandleSystem.cs:805)
UnityEngine.Rendering.RTHandleSystem:Alloc (UnityEngine.Vector2,int,UnityEngine.Rendering.DepthBits,UnityEngine.Experimental.Rendering.GraphicsFormat,UnityEngine.FilterMode,UnityEngine.TextureWrapMode,UnityEngine.Rendering.TextureDimension,bool,bool,bool,bool,int,single,bool,bool,bool,UnityEngine.RenderTextureMemoryless,string) (at Library/PackageCache/com.unity.render-pipelines.core@10.5.1/Runtime/Textures/RTHandleSystem.cs:598)
UnityEngine.Rendering.RTHandles:Alloc (UnityEngine.Vector2,int,UnityEngine.Rendering.DepthBits,UnityEngine.Experimental.Rendering.GraphicsFormat,UnityEngine.FilterMode,UnityEngine.TextureWrapMode,UnityEngine.Rendering.TextureDimension,bool,bool,bool,bool,int,single,bool,bool,bool,UnityEngine.RenderTextureMemoryless,string) (at Library/PackageCache/com.unity.render-pipelines.core@10.5.1/Runtime/Textures/RTHandles.cs:136)
UnityEngine.Experimental.Rendering.RenderGraphModule.RenderGraphResourceRegistry:CreateAndClearTexture (UnityEngine.Experimental.Rendering.RenderGraphModule.RenderGraphContext,int) (at Library/PackageCache/com.unity.render-pipelines.core@10.5.1/Runtime/RenderGraph/RenderGraphResourceRegistry.cs:398)
UnityEngine.Experimental.Rendering.RenderGraphModule.RenderGraph:PreRenderPassExecute (UnityEngine.Experimental.Rendering.RenderGraphModule.RenderGraph/CompiledPassInfo&,UnityEngine.Experimental.Rendering.RenderGraphModule.RenderGraphContext) (at Library/PackageCache/com.unity.render-pipelines.core@10.5.1/Runtime/RenderGraph/RenderGraph.cs:1186)
UnityEngine.Experimental.Rendering.RenderGraphModule.RenderGraph:ExecuteCompiledPass (UnityEngine.Experimental.Rendering.RenderGraphModule.RenderGraph/CompiledPassInfo&,int) (at Library/PackageCache/com.unity.render-pipelines.core@10.5.1/Runtime/RenderGraph/RenderGraph.cs:1109)
UnityEngine.Experimental.Rendering.RenderGraphModule.RenderGraph:ExecuteRenderGraph () (at Library/PackageCache/com.unity.render-pipelines.core@10.5.1/Runtime/RenderGraph/RenderGraph.cs:1129)
UnityEngine.Experimental.Rendering.RenderGraphModule.RenderGraph:Execute () (at Library/PackageCache/com.unity.render-pipelines.core@10.5.1/Runtime/RenderGraph/RenderGraph.cs:547)
UnityEngine.Rendering.HighDefinition.HDRenderPipeline:ExecuteWithRenderGraph (UnityEngine.Rendering.HighDefinition.HDRenderPipeline/RenderRequest,UnityEngine.Rendering.HighDefinition.AOVRequestData,System.Collections.Generic.List`1<UnityEngine.Rendering.RTHandle>,System.Collections.Generic.List`1<UnityEngine.Rendering.RTHandle>,UnityEngine.Rendering.ScriptableRenderContext,UnityEngine.Rendering.CommandBuffer) (at Library/PackageCache/com.unity.render-pipelines.high-definition@10.5.1/Runtime/RenderPipeline/HDRenderPipeline.RenderGraph.cs:340)
UnityEngine.Rendering.HighDefinition.HDRenderPipeline:ExecuteRenderRequest (UnityEngine.Rendering.HighDefinition.HDRenderPipeline/RenderRequest,UnityEngine.Rendering.ScriptableRenderContext,UnityEngine.Rendering.CommandBuffer,UnityEngine.Rendering.HighDefinition.AOVRequestData) (at Library/PackageCache/com.unity.render-pipelines.high-definition@10.5.1/Runtime/RenderPipeline/HDRenderPipeline.cs:2518)
UnityEngine.Rendering.HighDefinition.HDRenderPipeline:Render (UnityEngine.Rendering.ScriptableRenderContext,UnityEngine.Camera[]) (at Library/PackageCache/com.unity.render-pipelines.high-definition@10.5.1/Runtime/RenderPipeline/HDRenderPipeline.cs:2274)
UnityEngine.Rendering.RenderPipeline:InternalRender (UnityEngine.Rendering.ScriptableRenderContext,UnityEngine.Camera[])
UnityEngine.Rendering.RenderPipelineManager:DoRenderLoop_Internal (UnityEngine.Rendering.RenderPipelineAsset,intptr,System.Collections.Generic.List`1<UnityEngine.Camera/RenderRequest>,Unity.Collections.LowLevel.Unsafe.AtomicSafetyHandle)
UnityEditor.PreviewRenderUtility:Render (bool,bool)
UnityEditor.MaterialEditor:DoRenderPreview (UnityEditor.PreviewRenderUtility,bool)
UnityEditor.MaterialEditor:RenderStaticPreview (string,UnityEngine.Object[],int,int)
UnityEditor.AssetPreviewUpdater:CreatePreviewForAsset (UnityEngine.Object,UnityEngine.Object[],string)

[Library/PackageCache/com.unity.render-pipelines.core@10.5.1/Runtime/Textures/RTHandleSystem.cs line 805]

Requested RenderTexture with sRGB format. sRGB formats are not supported in gamma mode, fallback to a UNorm format. Use a UNorm format instead of sRGB to silence this warning.
UnityEngine.StackTraceUtility:ExtractStackTrace ()
UnityEngine.Rendering.RTHandleSystem:AllocAutoSizedRenderTexture (int,int,int,UnityEngine.Rendering.DepthBits,UnityEngine.Experimental.Rendering.GraphicsFormat,UnityEngine.FilterMode,UnityEngine.TextureWrapMode,UnityEngine.Rendering.TextureDimension,bool,bool,bool,bool,int,single,bool,bool,bool,UnityEngine.RenderTextureMemoryless,string) (at Library/PackageCache/com.unity.render-pipelines.core@10.5.1/Runtime/Textures/RTHandleSystem.cs:805)
UnityEngine.Rendering.RTHandleSystem:Alloc (UnityEngine.Vector2,int,UnityEngine.Rendering.DepthBits,UnityEngine.Experimental.Rendering.GraphicsFormat,UnityEngine.FilterMode,UnityEngine.TextureWrapMode,UnityEngine.Rendering.TextureDimension,bool,bool,bool,bool,int,single,bool,bool,bool,UnityEngine.RenderTextureMemoryless,string) (at Library/PackageCache/com.unity.render-pipelines.core@10.5.1/Runtime/Textures/RTHandleSystem.cs:598)
UnityEngine.Rendering.RTHandles:Alloc (UnityEngine.Vector2,int,UnityEngine.Rendering.DepthBits,UnityEngine.Experimental.Rendering.GraphicsFormat,UnityEngine.FilterMode,UnityEngine.TextureWrapMode,UnityEngine.Rendering.TextureDimension,bool,bool,bool,bool,int,single,bool,bool,bool,UnityEngine.RenderTextureMemoryless,string) (at Library/PackageCache/com.unity.render-pipelines.core@10.5.1/Runtime/Textures/RTHandles.cs:136)
UnityEngine.Experimental.Rendering.RenderGraphModule.RenderGraphResourceRegistry:CreateAndClearTexture (UnityEngine.Experimental.Rendering.RenderGraphModule.RenderGraphContext,int) (at Library/PackageCache/com.unity.render-pipelines.core@10.5.1/Runtime/RenderGraph/RenderGraphResourceRegistry.cs:398)
UnityEngine.Experimental.Rendering.RenderGraphModule.RenderGraph:PreRenderPassExecute (UnityEngine.Experimental.Rendering.RenderGraphModule.RenderGraph/CompiledPassInfo&,UnityEngine.Experimental.Rendering.RenderGraphModule.RenderGraphContext) (at Library/PackageCache/com.unity.render-pipelines.core@10.5.1/Runtime/RenderGraph/RenderGraph.cs:1186)
UnityEngine.Experimental.Rendering.RenderGraphModule.RenderGraph:ExecuteCompiledPass (UnityEngine.Experimental.Rendering.RenderGraphModule.RenderGraph/CompiledPassInfo&,int) (at Library/PackageCache/com.unity.render-pipelines.core@10.5.1/Runtime/RenderGraph/RenderGraph.cs:1109)
UnityEngine.Experimental.Rendering.RenderGraphModule.RenderGraph:ExecuteRenderGraph () (at Library/PackageCache/com.unity.render-pipelines.core@10.5.1/Runtime/RenderGraph/RenderGraph.cs:1129)
UnityEngine.Experimental.Rendering.RenderGraphModule.RenderGraph:Execute () (at Library/PackageCache/com.unity.render-pipelines.core@10.5.1/Runtime/RenderGraph/RenderGraph.cs:547)
UnityEngine.Rendering.HighDefinition.HDRenderPipeline:ExecuteWithRenderGraph (UnityEngine.Rendering.HighDefinition.HDRenderPipeline/RenderRequest,UnityEngine.Rendering.HighDefinition.AOVRequestData,System.Collections.Generic.List`1<UnityEngine.Rendering.RTHandle>,System.Collections.Generic.List`1<UnityEngine.Rendering.RTHandle>,UnityEngine.Rendering.ScriptableRenderContext,UnityEngine.Rendering.CommandBuffer) (at Library/PackageCache/com.unity.render-pipelines.high-definition@10.5.1/Runtime/RenderPipeline/HDRenderPipeline.RenderGraph.cs:340)
UnityEngine.Rendering.HighDefinition.HDRenderPipeline:ExecuteRenderRequest (UnityEngine.Rendering.HighDefinition.HDRenderPipeline/RenderRequest,UnityEngine.Rendering.ScriptableRenderContext,UnityEngine.Rendering.CommandBuffer,UnityEngine.Rendering.HighDefinition.AOVRequestData) (at Library/PackageCache/com.unity.render-pipelines.high-definition@10.5.1/Runtime/RenderPipeline/HDRenderPipeline.cs:2518)
UnityEngine.Rendering.HighDefinition.HDRenderPipeline:Render (UnityEngine.Rendering.ScriptableRenderContext,UnityEngine.Camera[]) (at Library/PackageCache/com.unity.render-pipelines.high-definition@10.5.1/Runtime/RenderPipeline/HDRenderPipeline.cs:2274)
UnityEngine.Rendering.RenderPipeline:InternalRender (UnityEngine.Rendering.ScriptableRenderContext,UnityEngine.Camera[])
UnityEngine.Rendering.RenderPipelineManager:DoRenderLoop_Internal (UnityEngine.Rendering.RenderPipelineAsset,intptr,System.Collections.Generic.List`1<UnityEngine.Camera/RenderRequest>,Unity.Collections.LowLevel.Unsafe.AtomicSafetyHandle)
UnityEditor.PreviewRenderUtility:Render (bool,bool)
UnityEditor.MaterialEditor:DoRenderPreview (UnityEditor.PreviewRenderUtility,bool)
UnityEditor.MaterialEditor:RenderStaticPreview (string,UnityEngine.Object[],int,int)
UnityEditor.AssetPreviewUpdater:CreatePreviewForAsset (UnityEngine.Object,UnityEngine.Object[],string)

[Library/PackageCache/com.unity.render-pipelines.core@10.5.1/Runtime/Textures/RTHandleSystem.cs line 805]

Launched and connected shader compiler UnityShaderCompiler.exe after 0.04 seconds
Launched and connected shader compiler UnityShaderCompiler.exe after 0.03 seconds
Launched and connected shader compiler UnityShaderCompiler.exe after 0.04 seconds
Launched and connected shader compiler UnityShaderCompiler.exe after 0.03 seconds
Launched and connected shader compiler UnityShaderCompiler.exe after 0.04 seconds
Launched and connected shader compiler UnityShaderCompiler.exe after 0.03 seconds
Launched and connected shader compiler UnityShaderCompiler.exe after 0.04 seconds
Launched and connected shader compiler UnityShaderCompiler.exe after 0.04 seconds
Launched and connected shader compiler UnityShaderCompiler.exe after 0.03 seconds
Launched and connected shader compiler UnityShaderCompiler.exe after 0.03 seconds
Launched and connected shader compiler UnityShaderCompiler.exe after 0.04 seconds
Launched and connected shader compiler UnityShaderCompiler.exe after 0.04 seconds
Launched and connected shader compiler UnityShaderCompiler.exe after 0.04 seconds
Launched and connected shader compiler UnityShaderCompiler.exe after 0.03 seconds
Launched and connected shader compiler UnityShaderCompiler.exe after 0.03 seconds
 -> (artifact id: '58fc265b6bedb5d38ebb2162789d3e4b') in 1.928776 seconds
  Import took 1.934854 seconds .

========================================================================
Received Import Request.
  Time since last request: 8.307585 seconds.
  path: Assets/Materials/New Material.mat
  artifactKey: Guid(2506066d2d5153649aa9ec1d24c37928) Importer(815301076,1909f56bfc062723c751e8b465ee728b)
Start importing Assets/Materials/New Material.mat using Guid(2506066d2d5153649aa9ec1d24c37928) Importer(815301076,1909f56bfc062723c751e8b465ee728b)  -> (artifact id: '301ac76950905d542e418bb3ab0f57d9') in 0.430963 seconds
  Import took 0.436066 seconds .

========================================================================
Received Import Request.
  Time since last request: 278.945031 seconds.
  path: Assets/Shaders/New Shader Graph.shadergraph
  artifactKey: Guid(5db1ca39839ef564aa7a88da6a2e5328) Importer(815301076,1909f56bfc062723c751e8b465ee728b)
Start importing Assets/Shaders/New Shader Graph.shadergraph using Guid(5db1ca39839ef564aa7a88da6a2e5328) Importer(815301076,1909f56bfc062723c751e8b465ee728b)  -> (artifact id: 'acfae03ac8f85ad9ebfb02faa5ca18d7') in 0.007935 seconds
  Import took 0.013415 seconds .

========================================================================
Received Import Request.
  Time since last request: 1.435960 seconds.
  path: Assets/Shaders/New Shader Graph.shadergraph
  artifactKey: Guid(5db1ca39839ef564aa7a88da6a2e5328) Importer(815301076,1909f56bfc062723c751e8b465ee728b)
Start importing Assets/Shaders/New Shader Graph.shadergraph using Guid(5db1ca39839ef564aa7a88da6a2e5328) Importer(815301076,1909f56bfc062723c751e8b465ee728b)  -> (artifact id: 'acfae03ac8f85ad9ebfb02faa5ca18d7') in 0.003752 seconds
  Import took 0.008665 seconds .

========================================================================
Received Import Request.
  Time since last request: 4.779550 seconds.
  path: Assets/Shaders/Grid.shadergraph
  artifactKey: Guid(5db1ca39839ef564aa7a88da6a2e5328) Importer(815301076,1909f56bfc062723c751e8b465ee728b)
Start importing Assets/Shaders/Grid.shadergraph using Guid(5db1ca39839ef564aa7a88da6a2e5328) Importer(815301076,1909f56bfc062723c751e8b465ee728b)  -> (artifact id: '1c8e3bbee4a42ea91bf9d7e3ffce141e') in 0.006999 seconds
  Import took 0.011905 seconds .

========================================================================
Received Import Request.
  Time since last request: 13.033245 seconds.
  path: Assets/Shaders/GridMat.mat
  artifactKey: Guid(e842f6a49da2a454184e47889bcdb6c0) Importer(815301076,1909f56bfc062723c751e8b465ee728b)
Start importing Assets/Shaders/GridMat.mat using Guid(e842f6a49da2a454184e47889bcdb6c0) Importer(815301076,1909f56bfc062723c751e8b465ee728b)  -> (artifact id: '1b44335253c9c6c8fa23edc2bc96427a') in 4.183361 seconds
  Import took 4.189362 seconds .

========================================================================
Received Import Request.
  Time since last request: 239.703206 seconds.
  path: Assets/Shaders/Grid.shadergraph
  artifactKey: Guid(5db1ca39839ef564aa7a88da6a2e5328) Importer(815301076,1909f56bfc062723c751e8b465ee728b)
Start importing Assets/Shaders/Grid.shadergraph using Guid(5db1ca39839ef564aa7a88da6a2e5328) Importer(815301076,1909f56bfc062723c751e8b465ee728b)  -> (artifact id: '3e57f4b54f945b11b7421cacc9360f26') in 0.004410 seconds
  Import took 0.010720 seconds .

========================================================================
Received Import Request.
  Time since last request: 50.294601 seconds.
  path: Assets/Shaders/Grid.shadergraph
  artifactKey: Guid(5db1ca39839ef564aa7a88da6a2e5328) Importer(815301076,1909f56bfc062723c751e8b465ee728b)
Start importing Assets/Shaders/Grid.shadergraph using Guid(5db1ca39839ef564aa7a88da6a2e5328) Importer(815301076,1909f56bfc062723c751e8b465ee728b)  -> (artifact id: 'aad929e6e6e70e47dce566da1e3f076a') in 0.003952 seconds
  Import took 0.009587 seconds .

========================================================================
Received Import Request.
  Time since last request: 734.693214 seconds.
  path: Assets/Shaders/Grid.shadergraph
  artifactKey: Guid(5db1ca39839ef564aa7a88da6a2e5328) Importer(815301076,1909f56bfc062723c751e8b465ee728b)
Start importing Assets/Shaders/Grid.shadergraph using Guid(5db1ca39839ef564aa7a88da6a2e5328) Importer(815301076,1909f56bfc062723c751e8b465ee728b)  -> (artifact id: '7dc8b8cb81d8259ea0351026a1f76d36') in 0.008207 seconds
  Import took 0.014593 seconds .

========================================================================
Received Import Request.
  Time since last request: 55.367586 seconds.
  path: Assets/Shaders/Grid.shadergraph
  artifactKey: Guid(5db1ca39839ef564aa7a88da6a2e5328) Importer(815301076,1909f56bfc062723c751e8b465ee728b)
Start importing Assets/Shaders/Grid.shadergraph using Guid(5db1ca39839ef564aa7a88da6a2e5328) Importer(815301076,1909f56bfc062723c751e8b465ee728b)  -> (artifact id: '0f324112c5ebe495852f70d946b21a5b') in 0.003560 seconds
  Import took 0.008877 seconds .

========================================================================
Received Import Request.
  Time since last request: 29.201124 seconds.
  path: Assets/Shaders/Grid.shadergraph
  artifactKey: Guid(5db1ca39839ef564aa7a88da6a2e5328) Importer(815301076,1909f56bfc062723c751e8b465ee728b)
Start importing Assets/Shaders/Grid.shadergraph using Guid(5db1ca39839ef564aa7a88da6a2e5328) Importer(815301076,1909f56bfc062723c751e8b465ee728b)  -> (artifact id: '94d53ccc0d089360bd62aac15eb02e2e') in 0.003571 seconds
  Import took 0.008653 seconds .

========================================================================
Received Import Request.
  Time since last request: 105.950432 seconds.
  path: Assets/Shaders/Grid.shadergraph
  artifactKey: Guid(5db1ca39839ef564aa7a88da6a2e5328) Importer(815301076,1909f56bfc062723c751e8b465ee728b)
Start importing Assets/Shaders/Grid.shadergraph using Guid(5db1ca39839ef564aa7a88da6a2e5328) Importer(815301076,1909f56bfc062723c751e8b465ee728b)  -> (artifact id: '161b1b96e8aa0499a8718ba2ae65981a') in 0.003960 seconds
  Import took 0.008859 seconds .

========================================================================
Received Import Request.
  Time since last request: 0.008094 seconds.
  path: Assets/Shaders/Grid.shadergraph
  artifactKey: Guid(5db1ca39839ef564aa7a88da6a2e5328) Importer(815301076,1909f56bfc062723c751e8b465ee728b)
Start importing Assets/Shaders/Grid.shadergraph using Guid(5db1ca39839ef564aa7a88da6a2e5328) Importer(815301076,1909f56bfc062723c751e8b465ee728b)  -> (artifact id: '161b1b96e8aa0499a8718ba2ae65981a') in 0.003722 seconds
  Import took 0.008681 seconds .

========================================================================
Received Import Request.
  Time since last request: 268.622555 seconds.
  path: Assets/Shaders/Grid.shadergraph
  artifactKey: Guid(5db1ca39839ef564aa7a88da6a2e5328) Importer(815301076,1909f56bfc062723c751e8b465ee728b)
Start importing Assets/Shaders/Grid.shadergraph using Guid(5db1ca39839ef564aa7a88da6a2e5328) Importer(815301076,1909f56bfc062723c751e8b465ee728b)  -> (artifact id: '8a4966b5e941808877119ffb6dd45f2e') in 0.004984 seconds
  Import took 0.012320 seconds .

========================================================================
Received Import Request.
  Time since last request: 36.618020 seconds.
  path: Assets/Shaders/Grid.shadergraph
  artifactKey: Guid(5db1ca39839ef564aa7a88da6a2e5328) Importer(815301076,1909f56bfc062723c751e8b465ee728b)
Start importing Assets/Shaders/Grid.shadergraph using Guid(5db1ca39839ef564aa7a88da6a2e5328) Importer(815301076,1909f56bfc062723c751e8b465ee728b)  -> (artifact id: 'a30430558e223978c747ca1d7f1d612f') in 0.004809 seconds
  Import took 0.011087 seconds .

========================================================================
Received Import Request.
  Time since last request: 29.748140 seconds.
  path: Assets/Shaders/Grid.shadergraph
  artifactKey: Guid(5db1ca39839ef564aa7a88da6a2e5328) Importer(815301076,1909f56bfc062723c751e8b465ee728b)
Start importing Assets/Shaders/Grid.shadergraph using Guid(5db1ca39839ef564aa7a88da6a2e5328) Importer(815301076,1909f56bfc062723c751e8b465ee728b)  -> (artifact id: '9c6ea4620f2315858ee06ab33c594fea') in 0.003849 seconds
  Import took 0.008739 seconds .

========================================================================
Received Import Request.
  Time since last request: 200.401770 seconds.
  path: Assets/Shaders/GridMat.mat
  artifactKey: Guid(e842f6a49da2a454184e47889bcdb6c0) Importer(815301076,1909f56bfc062723c751e8b465ee728b)
Start importing Assets/Shaders/GridMat.mat using Guid(e842f6a49da2a454184e47889bcdb6c0) Importer(815301076,1909f56bfc062723c751e8b465ee728b)  -> (artifact id: 'b006ce8e207e1ede16f0f703f0d5a468') in 10.608515 seconds
  Import took 10.615945 seconds .

========================================================================
Received Import Request.
  Time since last request: 0.000226 seconds.
  path: Assets/Shaders/GridMat.mat
  artifactKey: Guid(e842f6a49da2a454184e47889bcdb6c0) Importer(815301076,1909f56bfc062723c751e8b465ee728b)
Start importing Assets/Shaders/GridMat.mat using Guid(e842f6a49da2a454184e47889bcdb6c0) Importer(815301076,1909f56bfc062723c751e8b465ee728b)  -> (artifact id: 'b006ce8e207e1ede16f0f703f0d5a468') in 8.601286 seconds
  Import took 8.607108 seconds .

========================================================================
Received Import Request.
  Time since last request: 0.000202 seconds.
  path: Assets/Shaders/Grid.shadergraph
  artifactKey: Guid(5db1ca39839ef564aa7a88da6a2e5328) Importer(815301076,1909f56bfc062723c751e8b465ee728b)
Start importing Assets/Shaders/Grid.shadergraph using Guid(5db1ca39839ef564aa7a88da6a2e5328) Importer(815301076,1909f56bfc062723c751e8b465ee728b)  -> (artifact id: '3fdf52999667d8d2479d28a88caaf7e2') in 0.003844 seconds
  Import took 0.008670 seconds .

========================================================================
Received Import Request.
  Time since last request: 187.659581 seconds.
  path: Assets/Shaders/Grid.shadergraph
  artifactKey: Guid(5db1ca39839ef564aa7a88da6a2e5328) Importer(815301076,1909f56bfc062723c751e8b465ee728b)
Start importing Assets/Shaders/Grid.shadergraph using Guid(5db1ca39839ef564aa7a88da6a2e5328) Importer(815301076,1909f56bfc062723c751e8b465ee728b)  -> (artifact id: '7e13eedf5a771629b29af3bc0c371598') in 0.004038 seconds
  Import took 0.009110 seconds .

========================================================================
Received Import Request.
  Time since last request: 0.007170 seconds.
  path: Assets/Shaders/Grid.shadergraph
  artifactKey: Guid(5db1ca39839ef564aa7a88da6a2e5328) Importer(815301076,1909f56bfc062723c751e8b465ee728b)
Start importing Assets/Shaders/Grid.shadergraph using Guid(5db1ca39839ef564aa7a88da6a2e5328) Importer(815301076,1909f56bfc062723c751e8b465ee728b)  -> (artifact id: '7e13eedf5a771629b29af3bc0c371598') in 0.003760 seconds
  Import took 0.008625 seconds .

========================================================================
Received Import Request.
  Time since last request: 14.583461 seconds.
  path: Assets/Shaders/Grid.shadergraph
  artifactKey: Guid(5db1ca39839ef564aa7a88da6a2e5328) Importer(815301076,1909f56bfc062723c751e8b465ee728b)
Start importing Assets/Shaders/Grid.shadergraph using Guid(5db1ca39839ef564aa7a88da6a2e5328) Importer(815301076,1909f56bfc062723c751e8b465ee728b)  -> (artifact id: '129cfa25eeeaed511a0faf58b21b9b43') in 0.004208 seconds
  Import took 0.009929 seconds .

========================================================================
Received Import Request.
  Time since last request: 39.261214 seconds.
  path: Assets/Shaders/Grid.shadergraph
  artifactKey: Guid(5db1ca39839ef564aa7a88da6a2e5328) Importer(815301076,1909f56bfc062723c751e8b465ee728b)
Start importing Assets/Shaders/Grid.shadergraph using Guid(5db1ca39839ef564aa7a88da6a2e5328) Importer(815301076,1909f56bfc062723c751e8b465ee728b)  -> (artifact id: '6f37e837606233237a6348dc9597496a') in 0.004087 seconds
  Import took 0.009984 seconds .

========================================================================
Received Import Request.
  Time since last request: 0.013067 seconds.
  path: Assets/Shaders/Grid.shadergraph
  artifactKey: Guid(5db1ca39839ef564aa7a88da6a2e5328) Importer(815301076,1909f56bfc062723c751e8b465ee728b)
Start importing Assets/Shaders/Grid.shadergraph using Guid(5db1ca39839ef564aa7a88da6a2e5328) Importer(815301076,1909f56bfc062723c751e8b465ee728b)  -> (artifact id: '6f37e837606233237a6348dc9597496a') in 0.004361 seconds
  Import took 0.009845 seconds .

========================================================================
Received Import Request.
  Time since last request: 98.840525 seconds.
  path: Assets/Shaders/Grid.shadergraph
  artifactKey: Guid(5db1ca39839ef564aa7a88da6a2e5328) Importer(815301076,1909f56bfc062723c751e8b465ee728b)
Start importing Assets/Shaders/Grid.shadergraph using Guid(5db1ca39839ef564aa7a88da6a2e5328) Importer(815301076,1909f56bfc062723c751e8b465ee728b)  -> (artifact id: '54d5b50587cc770f0303ccd10e6a963e') in 0.004786 seconds
  Import took 0.010757 seconds .

========================================================================
Received Import Request.
  Time since last request: 0.008440 seconds.
  path: Assets/Shaders/Grid.shadergraph
  artifactKey: Guid(5db1ca39839ef564aa7a88da6a2e5328) Importer(815301076,1909f56bfc062723c751e8b465ee728b)
Start importing Assets/Shaders/Grid.shadergraph using Guid(5db1ca39839ef564aa7a88da6a2e5328) Importer(815301076,1909f56bfc062723c751e8b465ee728b)  -> (artifact id: '54d5b50587cc770f0303ccd10e6a963e') in 0.004059 seconds
  Import took 0.009119 seconds .

========================================================================
Received Import Request.
  Time since last request: 503.096878 seconds.
  path: Assets/Shaders/Grid.shadergraph
  artifactKey: Guid(5db1ca39839ef564aa7a88da6a2e5328) Importer(815301076,1909f56bfc062723c751e8b465ee728b)
Start importing Assets/Shaders/Grid.shadergraph using Guid(5db1ca39839ef564aa7a88da6a2e5328) Importer(815301076,1909f56bfc062723c751e8b465ee728b)  -> (artifact id: 'ef4560b2b5f2ab97104c77721eddeb07') in 0.004892 seconds
  Import took 0.012376 seconds .

========================================================================
Received Import Request.
  Time since last request: 0.008297 seconds.
  path: Assets/Shaders/Grid.shadergraph
  artifactKey: Guid(5db1ca39839ef564aa7a88da6a2e5328) Importer(815301076,1909f56bfc062723c751e8b465ee728b)
Start importing Assets/Shaders/Grid.shadergraph using Guid(5db1ca39839ef564aa7a88da6a2e5328) Importer(815301076,1909f56bfc062723c751e8b465ee728b)  -> (artifact id: 'ef4560b2b5f2ab97104c77721eddeb07') in 0.004712 seconds
  Import took 0.010009 seconds .

========================================================================
Received Prepare
Registering precompiled user dll's ...
Registered in 0.005758 seconds.
Begin MonoManager ReloadAssembly
Native extension for WindowsStandalone target not found
Refreshing native plugins compatible for Editor in 0.57 ms, found 2 plugins.
Preloading 0 native plugins for Editor in 0.00 ms.
Mono: successfully reloaded assembly
- Completed reload, in  1.202 seconds
Platform modules already initialized, skipping
Refreshing native plugins compatible for Editor in 0.58 ms, found 2 plugins.
Preloading 0 native plugins for Editor in 0.00 ms.
Unloading 3417 Unused Serialized files (Serialized files now loaded: 0)
System memory in use before: 183.9 MB.
System memory in use after: 184.1 MB.

Unloading 32 unused Assets to reduce memory usage. Loaded Objects now: 4314.
Total: 3.161600 ms (FindLiveObjects: 0.325700 ms CreateObjectMapping: 0.133000 ms MarkObjects: 2.236300 ms  DeleteObjects: 0.465400 ms)

========================================================================
Received Import Request.
  Time since last request: 1570.818411 seconds.
  path: Assets/Shaders/Grid.shadergraph
  artifactKey: Guid(5db1ca39839ef564aa7a88da6a2e5328) Importer(815301076,1909f56bfc062723c751e8b465ee728b)
Start importing Assets/Shaders/Grid.shadergraph using Guid(5db1ca39839ef564aa7a88da6a2e5328) Importer(815301076,1909f56bfc062723c751e8b465ee728b)  -> (artifact id: 'fe505aa696233b159fd7aceafe24a277') in 0.054194 seconds
  Import took 0.064144 seconds .

AssetImportWorkerClient::OnTransportError - code=2 error=End of file
